     1                                  bits 32 
     2                                  
     3                                  global start        
     4                                  
     5                                  extern exit               
     6                                  import exit msvcrt.dll    
     7                                  
     8                                  segment data use32 class=data
     9                                      ; a - byte, b - word, c - double word, d - qword - Interpretare cu semn
    10                                      ; c-b-(a+a)-b
    11 00000000 0A                          a db 10
    12 00000001 3200                        b dw 50
    13 00000003 E8030000                    c dd 1000
    14                                  segment code use32 class=code
    15                                      start:
    16 00000000 A0[00000000]                    mov al, [a]
    17 00000005 0205[00000000]                  add al, [a]
    18                                          
    19 0000000B 6698                            cbw 
    20                                          
    21 0000000D 6689C3                          mov bx, ax ; bx = a+a
    22                                          
    23 00000010 66A1[01000000]                  mov ax, [b]
    24 00000016 98                              cwde ; b va fi dword in eax
    25                                          
    26 00000017 8B0D[03000000]                  mov ecx, [c]
    27                                          
    28 0000001D 29C1                            sub ecx, eax ; ecx = c-b
    29                                          
    30 0000001F 6689D8                          mov ax, bx
    31 00000022 98                              cwde ; a+a este in eax
    32                                          
    33 00000023 29C1                            sub ecx, eax
    34                                          
    35 00000025 66A1[01000000]                  mov ax, [b]
    36 0000002B 98                              cwde ; b va fi dword in eax
    37                                          
    38 0000002C 29C1                            sub ecx, eax
    39                                          
    40 0000002E 89C8                            mov eax, ecx
    41                                          
    42 00000030 6A00                            push    dword 0     
    43 00000032 FF15[00000000]                  call    [exit]      
